08-09-2025 02:42:33.715 AM [INFO ] [restartedMain] o.s.b.d.env.DevToolsPropertyDefaultsPostProcessor.log[68]: Devtools property defaults active! Set 'spring.devtools.add-properties' to 'false' to disable
08-09-2025 02:42:33.715 AM [INFO ] [restartedMain] o.s.b.d.env.DevToolsPropertyDefaultsPostProcessor.log[68]: For additional web related logging consider setting the 'logging.level.web' property to 'DEBUG'
08-09-2025 02:42:34.339 AM [INFO ] [restartedMain] o.s.d.r.config.RepositoryConfigurationDelegate.registerRepositoriesIn[145]: Bootstrapping Spring Data JPA repositories in DEFAULT mode.
08-09-2025 02:42:34.386 AM [INFO ] [restartedMain] o.s.d.r.config.RepositoryConfigurationDelegate.registerRepositoriesIn[213]: Finished Spring Data repository scanning in 43 ms. Found 2 JPA repository interfaces.
08-09-2025 02:42:35.018 AM [INFO ] [restartedMain] o.s.boot.web.embedded.tomcat.TomcatWebServer.initialize[111]: Tomcat initialized with port 8080 (http)
08-09-2025 02:42:35.097 AM [INFO ] [restartedMain] o.s.b.w.s.c.ServletWebServerApplicationContext.prepareWebApplicationContext[301]: Root WebApplicationContext: initialization completed in 1358 ms
08-09-2025 02:42:35.221 AM [INFO ] [restartedMain] org.hibernate.jpa.internal.util.LogHelper.logPersistenceUnitInformation[31]: HHH000204: Processing PersistenceUnitInfo [name: default]
08-09-2025 02:42:35.269 AM [INFO ] [restartedMain] org.hibernate.Version.logVersion[44]: HHH000412: Hibernate ORM core version 6.6.26.Final
08-09-2025 02:42:35.317 AM [INFO ] [restartedMain] o.hibernate.cache.internal.RegionFactoryInitiator.initiateService[50]: HHH000026: Second-level cache disabled
08-09-2025 02:42:35.555 AM [INFO ] [restartedMain] o.s.o.j.persistenceunit.SpringPersistenceUnitInfo.addTransformer[87]: No LoadTimeWeaver setup: ignoring JPA class transformer
08-09-2025 02:42:35.840 AM [INFO ] [restartedMain] org.hibernate.orm.connections.pooling.logConnectionInfo[163]: HHH10001005: Database info:
	Database JDBC URL [Connecting through datasource 'HikariDataSource (HikariPool-1)']
	Database driver: undefined/unknown
	Database version: 17.5
	Autocommit mode: undefined/unknown
	Isolation level: undefined/unknown
	Minimum pool size: undefined/unknown
	Maximum pool size: undefined/unknown
08-09-2025 02:42:36.657 AM [INFO ] [restartedMain] o.h.e.t.jta.platform.internal.JtaPlatformInitiator.initiateService[59]: HHH000489: No JTA platform available (set 'hibernate.transaction.jta.platform' to enable JTA platform integration)
08-09-2025 02:42:37.007 AM [INFO ] [restartedMain] o.s.orm.jpa.LocalContainerEntityManagerFactoryBean.buildNativeEntityManagerFactory[447]: Initialized JPA EntityManagerFactory for persistence unit 'default'
08-09-2025 02:42:37.384 AM [WARN ] [restartedMain] o.s.b.a.o.j.JpaBaseConfiguration$JpaWebConfiguration.openEntityManagerInViewInterceptor[258]: spring.jpa.open-in-view is enabled by default. Therefore, database queries may be performed during view rendering. Explicitly configure spring.jpa.open-in-view to disable this warning
08-09-2025 02:42:37.416 AM [INFO ] [restartedMain] o.s.s.c.a.a.c.InitializeAuthenticationProviderBeanManagerConfigurer$InitializeAuthenticationProviderManagerConfigurer.configure[80]: Global AuthenticationManager configured with AuthenticationProvider bean with name authenticationProvider
08-09-2025 02:42:37.416 AM [WARN ] [restartedMain] o.s.s.c.a.a.c.InitializeUserDetailsBeanManagerConfigurer$InitializeUserDetailsManagerConfigurer.configure[73]: Global AuthenticationManager configured with an AuthenticationProvider bean. UserDetailsService beans will not be used by Spring Security for automatically configuring username/password login. Consider removing the AuthenticationProvider bean. Alternatively, consider using the UserDetailsService in a manually instantiated DaoAuthenticationProvider. If the current configuration is intentional, to turn off this warning, increase the logging level of 'org.springframework.security.config.annotation.authentication.configuration.InitializeUserDetailsBeanManagerConfigurer' to ERROR
08-09-2025 02:42:37.972 AM [INFO ] [restartedMain] o.s.b.d.autoconfigure.OptionalLiveReloadServer.startServer[59]: LiveReload server is running on port 35729
08-09-2025 02:42:38.004 AM [INFO ] [restartedMain] o.s.boot.web.embedded.tomcat.TomcatWebServer.start[243]: Tomcat started on port 8080 (http) with context path '/'
08-09-2025 02:42:50.761 AM [INFO ] [SpringApplicationShutdownHook] o.s.boot.web.embedded.tomcat.GracefulShutdown.shutDownGracefully[54]: Commencing graceful shutdown. Waiting for active requests to complete
08-09-2025 02:42:50.761 AM [INFO ] [tomcat-shutdown] o.s.boot.web.embedded.tomcat.GracefulShutdown.doShutdown[76]: Graceful shutdown complete
08-09-2025 02:42:50.777 AM [INFO ] [SpringApplicationShutdownHook] o.s.orm.jpa.LocalContainerEntityManagerFactoryBean.destroy[660]: Closing JPA EntityManagerFactory for persistence unit 'default'
